2022-06-23 10:36:00,934 INFO  [Log] Login Completed 
2022-06-23 10:36:01,011 INFO  [Log] Logout completed 
2022-06-23 10:36:04,280 INFO  [Log] Application opened 
2022-06-23 10:40:51,158 INFO  [Log] Application opened 
2022-06-23 10:40:52,683 INFO  [Log] Login Completed 
2022-06-23 10:40:52,763 INFO  [Log] Logout completed 
2022-06-23 10:40:55,971 INFO  [Log] Application opened 
2022-06-23 10:42:14,084 INFO  [Log] Application opened 
2022-06-23 10:42:15,456 INFO  [Log] Login Completed 
2022-06-23 10:42:15,546 INFO  [Log] Logout completed 
2022-06-23 10:42:18,710 INFO  [Log] Application c losed 
2022-06-25 19:07:40,373 INFO  [Log] Application opened 
2022-06-25 19:07:52,129 INFO  [Log] Login Completed 
2022-06-25 19:07:52,231 INFO  [Log] Logout completed 
2022-06-25 19:07:55,663 INFO  [Log] Application closed 
2022-07-04 15:08:00,542 INFO  [Log] Application opened 
2022-07-04 15:08:08,317 INFO  [Log] Login Completed 
2022-07-04 15:08:08,430 INFO  [Log] Logout completed 
2022-07-04 15:08:11,641 INFO  [Log] Application closed 
2022-07-04 15:09:25,204 INFO  [Log] Application opened 
2022-07-04 15:09:27,091 INFO  [Log] Login Completed 
2022-07-04 15:09:27,183 INFO  [Log] Logout completed 
2022-07-04 15:09:30,560 INFO  [Log] Application closed 
2022-07-04 15:09:33,679 INFO  [Log] Application opened 
2022-07-04 15:09:35,551 INFO  [Log] Login Completed 
2022-07-04 15:09:35,633 INFO  [Log] Entered into frame 
2022-07-04 15:09:44,170 INFO  [Log] New employee added 
2022-07-04 15:09:44,184 INFO  [Log] Exit from frame 
2022-07-04 15:09:44,296 INFO  [Log] Logout completed 
2022-07-04 15:09:44,840 INFO  [Log] Application closed 
2022-07-04 15:09:47,785 INFO  [Log] Application opened 
2022-07-04 15:09:49,822 INFO  [Log] Login Completed 
2022-07-04 15:09:49,881 INFO  [Log] Entered into frame 
2022-07-04 15:10:02,901 INFO  [Log] New name saved 
2022-07-04 15:10:02,909 INFO  [Log] Exit from frame 
2022-07-04 15:10:06,004 INFO  [Log] Logout completed 
